Build:    BlinkAppC for msp430x2418 on g301
Revision: exported
Date:     Wed Mar  7 13:28:35 CET 2018
Compiler: /usr/bin/msp430-gcc, msp430-gcc (GCC) 4.5.3
TinyOS:   /home/tinyos/tinyos-2.x
Flags:
-Os
-fnesc-separator=__
-Wall
-Wshadow
-Wnesc-all
-fnesc-separator=__
-target=gnode
-fnesc-cfile=build/gnode/app.c
-board=
-DIDENT_APPNAME="BlinkAppC"
-DIDENT_USERNAME="tinyos"
-DIDENT_HOSTNAME="sownet-tinyos-s"
-DIDENT_USERHASH=0x76306b33L
-DIDENT_TIMESTAMP=0x5a9fdaf1L
-DIDENT_UIDHASH=0xb98339dcL
-mmcu=msp430x2418
BlinkAppC.nc
-lm
